This is pdfTeX, Version 3.14159265-2.6-1.40.21 (TeX Live 2020) (preloaded format=pdflatex 2020.4.7)  3 MAY 2021 11:45
entering extended mode
 restricted \write18 enabled.
 file:line:error style messages enabled.
 %&-line parsing enabled.
**curriculum-vitae_latex.tex
(./curriculum-vitae_latex.tex
LaTeX2e <2020-02-02> patch level 5
L3 programming layer <2020-03-06>

! LaTeX Error: File `res.cls' not found.

Type X to quit or <RETURN> to proceed,
or enter new name. (Default extension: cls)

Enter file name: cls

! LaTeX Error: File `cls.cls' not found.

Type X to quit or <RETURN> to proceed,
or enter new name. (Default extension: cls)

Enter file name: 
(/usr/local/texlive/2020/texmf-dist/tex/latex/hyperref/hyperref.sty
Package: hyperref 2020/01/14 v7.00d Hypertext links for LaTeX

(/usr/local/texlive/2020/texmf-dist/tex/generic/ltxcmds/ltxcmds.sty
Package: ltxcmds 2019/12/15 v1.24 LaTeX kernel commands for general use (HO)
)
(/usr/local/texlive/2020/texmf-dist/tex/generic/iftex/iftex.sty
Package: iftex 2020/03/06 v1.0d TeX engine tests
)
(/usr/local/texlive/2020/texmf-dist/tex/latex/pdftexcmds/pdftexcmds.sty
Package: pdftexcmds 2019/11/24 v0.31 Utility functions of pdfTeX for LuaTeX (HO
)

(/usr/local/texlive/2020/texmf-dist/tex/generic/infwarerr/infwarerr.sty
Package: infwarerr 2019/12/03 v1.5 Providing info/warning/error messages (HO)
)
Package pdftexcmds Info: \pdf@primitive is available.
Package pdftexcmds Info: \pdf@ifprimitive is available.
Package pdftexcmds Info: \pdfdraftmode found.
)
(/usr/local/texlive/2020/texmf-dist/tex/latex/graphics/keyval.sty
Package: keyval 2014/10/28 v1.15 key=value parser (DPC)
\KV@toks@=\toks15
)
(/usr/local/texlive/2020/texmf-dist/tex/generic/kvsetkeys/kvsetkeys.sty
Package: kvsetkeys 2019/12/15 v1.18 Key value parser (HO)
)
(/usr/local/texlive/2020/texmf-dist/tex/generic/kvdefinekeys/kvdefinekeys.sty
Package: kvdefinekeys 2019-12-19 v1.6 Define keys (HO)
)
(/usr/local/texlive/2020/texmf-dist/tex/generic/pdfescape/pdfescape.sty
Package: pdfescape 2019/12/09 v1.15 Implements pdfTeX's escape features (HO)
)
(/usr/local/texlive/2020/texmf-dist/tex/latex/hycolor/hycolor.sty
Package: hycolor 2020-01-27 v1.10 Color options for hyperref/bookmark (HO)
)
(/usr/local/texlive/2020/texmf-dist/tex/latex/letltxmacro/letltxmacro.sty
Package: letltxmacro 2019/12/03 v1.6 Let assignment for LaTeX macros (HO)
)
(/usr/local/texlive/2020/texmf-dist/tex/latex/auxhook/auxhook.sty
Package: auxhook 2019-12-17 v1.6 Hooks for auxiliary files (HO)
)
(/usr/local/texlive/2020/texmf-dist/tex/latex/kvoptions/kvoptions.sty
Package: kvoptions 2019/11/29 v3.13 Key value format for package options (HO)
)
\@linkdim=\dimen134
\Hy@linkcounter=\count167
\Hy@pagecounter=\count168

(/usr/local/texlive/2020/texmf-dist/tex/latex/hyperref/pd1enc.def
File: pd1enc.def 2020/01/14 v7.00d Hyperref: PDFDocEncoding definition (HO)
Now handling font encoding PD1 ...
... no UTF-8 mapping file for font encoding PD1
)
(/usr/local/texlive/2020/texmf-dist/tex/generic/intcalc/intcalc.sty
Package: intcalc 2019/12/15 v1.3 Expandable calculations with integers (HO)
)
(/usr/local/texlive/2020/texmf-dist/tex/generic/etexcmds/etexcmds.sty
Package: etexcmds 2019/12/15 v1.7 Avoid name clashes with e-TeX commands (HO)
)
\Hy@SavedSpaceFactor=\count169
Package hyperref Info: Hyper figures OFF on input line 4547.
Package hyperref Info: Link nesting OFF on input line 4552.
Package hyperref Info: Hyper index ON on input line 4555.
Package hyperref Info: Plain pages OFF on input line 4562.
Package hyperref Info: Backreferencing OFF on input line 4567.
Package hyperref Info: Implicit mode ON; LaTeX internals redefined.
Package hyperref Info: Bookmarks ON on input line 4800.
\c@Hy@tempcnt=\count170

(/usr/local/texlive/2020/texmf-dist/tex/latex/url/url.sty
\Urlmuskip=\muskip16
Package: url 2013/09/16  ver 3.4  Verb mode for urls, etc.
)
LaTeX Info: Redefining \url on input line 5159.
\XeTeXLinkMargin=\dimen135

(/usr/local/texlive/2020/texmf-dist/tex/generic/bitset/bitset.sty
Package: bitset 2019/12/09 v1.3 Handle bit-vector datatype (HO)

(/usr/local/texlive/2020/texmf-dist/tex/generic/bigintcalc/bigintcalc.sty
Package: bigintcalc 2019/12/15 v1.5 Expandable calculations on big integers (HO
)
))
\Fld@menulength=\count171
\Field@Width=\dimen136
\Fld@charsize=\dimen137
Package hyperref Info: Hyper figures OFF on input line 6430.
Package hyperref Info: Link nesting OFF on input line 6435.
Package hyperref Info: Hyper index ON on input line 6438.
Package hyperref Info: backreferencing OFF on input line 6445.
Package hyperref Info: Link coloring OFF on input line 6450.
Package hyperref Info: Link coloring with OCG OFF on input line 6455.
Package hyperref Info: PDF/A mode OFF on input line 6460.
LaTeX Info: Redefining \ref on input line 6500.
LaTeX Info: Redefining \pageref on input line 6504.

(/usr/local/texlive/2020/texmf-dist/tex/generic/atbegshi/atbegshi.sty
Package: atbegshi 2019/12/05 v1.19 At begin shipout hook (HO)
)

Package hyperref Warning: Option `pdfpagelabels' is turned off
(hyperref)                because \thepage is undefined.

\c@Item=\count172
\c@Hfootnote=\count173
)
Package hyperref Info: Driver (autodetected): hpdftex.
 (/usr/local/texlive/2020/texmf-dist/tex/latex/hyperref/hpdftex.def
File: hpdftex.def 2020/01/14 v7.00d Hyperref driver for pdfTeX
\Fld@listcount=\count174
\c@bookmark@seq@number=\count175

(/usr/local/texlive/2020/texmf-dist/tex/latex/rerunfilecheck/rerunfilecheck.sty
Package: rerunfilecheck 2019/12/05 v1.9 Rerun checks for auxiliary files (HO)
(/usr/local/texlive/2020/texmf-dist/tex/latex/atveryend/atveryend.sty
Package: atveryend 2019-12-11 v1.11 Hooks at the very end of document (HO)
Package atveryend Info: \enddocument detected (standard20110627).
)
(/usr/local/texlive/2020/texmf-dist/tex/generic/uniquecounter/uniquecounter.sty
Package: uniquecounter 2019/12/15 v1.4 Provide unlimited unique counter (HO)
)
Package uniquecounter Info: New unique counter `rerunfilecheck' on input line 2
86.
)
\Hy@SectionHShift=\skip47
) (/usr/local/texlive/2020/texmf-dist/tex/latex/listings/listings.sty
\lst@mode=\count176
\lst@gtempboxa=\box45
\lst@token=\toks16
\lst@length=\count177
\lst@currlwidth=\dimen138
\lst@column=\count178
\lst@pos=\count179
\lst@lostspace=\dimen139
\lst@width=\dimen140
\lst@newlines=\count180
\lst@lineno=\count181
\abovecaptionskip=\skip48
\belowcaptionskip=\skip49
\lst@maxwidth=\dimen141

(/usr/local/texlive/2020/texmf-dist/tex/latex/listings/lstmisc.sty
File: lstmisc.sty 2020/03/24 1.8d (Carsten Heinz)
\c@lstnumber=\count182
\lst@skipnumbers=\count183
\lst@framebox=\box46
)
(/usr/local/texlive/2020/texmf-dist/tex/latex/listings/listings.cfg
File: listings.cfg 2020/03/24 1.8d listings configuration
))
Package: listings 2020/03/24 1.8d (Carsten Heinz)

(/usr/local/texlive/2020/texmf-dist/tex/latex/l3backend/l3backend-pdfmode.def
File: l3backend-pdfmode.def 2020-03-12 L3 backend support: PDF mode
\l__kernel_color_stack_int=\count184
\l__pdf_internal_box=\box47
)
No file curriculum-vitae_latex.aux.
\openout1 = `curriculum-vitae_latex.aux'.

LaTeX Font Info:    Checking defaults for OML/cmm/m/it on input line 28.
LaTeX Font Info:    ... okay on input line 28.
LaTeX Font Info:    Checking defaults for OMS/cmsy/m/n on input line 28.
LaTeX Font Info:    ... okay on input line 28.
LaTeX Font Info:    Checking defaults for OT1/cmr/m/n on input line 28.
LaTeX Font Info:    ... okay on input line 28.
LaTeX Font Info:    Checking defaults for T1/cmr/m/n on input line 28.
LaTeX Font Info:    ... okay on input line 28.
LaTeX Font Info:    Checking defaults for TS1/cmr/m/n on input line 28.
LaTeX Font Info:    ... okay on input line 28.
LaTeX Font Info:    Checking defaults for OMX/cmex/m/n on input line 28.
LaTeX Font Info:    ... okay on input line 28.
LaTeX Font Info:    Checking defaults for U/cmr/m/n on input line 28.
LaTeX Font Info:    ... okay on input line 28.
LaTeX Font Info:    Checking defaults for PD1/pdf/m/n on input line 28.
LaTeX Font Info:    ... okay on input line 28.

./curriculum-vitae_latex.tex:28: LaTeX Error: The font size command \normalsize
 is not defined:
               there is probably something wrong with the class file.

See the LaTeX manual or LaTeX Companion for explanation.
Type  H <return>  for immediate help.
 ...                                              
                                                  
l.28 \begin{document}
                     
? 
\AtBeginShipoutBox=\box48

Package hyperref Warning: Height of page (\paperheight) is invalid (0.0pt),
(hyperref)                using 11in.

Package hyperref Info: Link coloring OFF on input line 28.
(/usr/local/texlive/2020/texmf-dist/tex/latex/hyperref/nameref.sty
Package: nameref 2019/09/16 v2.46 Cross-referencing by name of section

(/usr/local/texlive/2020/texmf-dist/tex/latex/refcount/refcount.sty
Package: refcount 2019/12/15 v3.6 Data extraction from label references (HO)
)
(/usr/local/texlive/2020/texmf-dist/tex/generic/gettitlestring/gettitlestring.s
ty
Package: gettitlestring 2019/12/15 v1.6 Cleanup title references (HO)
)
\c@section@level=\count185
)
LaTeX Info: Redefining \ref on input line 28.
LaTeX Info: Redefining \pageref on input line 28.
LaTeX Info: Redefining \nameref on input line 28.
\@outlinefile=\write3
\openout3 = `curriculum-vitae_latex.out'.

\c@lstlisting=\count186

./curriculum-vitae_latex.tex:30: Undefined control sequence.
l.30 \name
          {Ricardo I. Alcal\'a-Brise\~no \vspace*{.1in}}
? 

./curriculum-vitae_latex.tex:32: LaTeX Error: Environment resume undefined.

See the LaTeX manual or LaTeX Companion for explanation.
Type  H <return>  for immediate help.
 ...                                              
                                                  
l.32 \begin{resume}
                   
? 
./curriculum-vitae_latex.tex:33: Undefined control sequence.
l.33 \section
             {\sc Contact Information}
? 
./curriculum-vitae_latex.tex:33: Undefined control sequence.
l.33 \section{\sc
                  Contact Information}
? 
LaTeX Font Info:    External font `cmex10' loaded for size
(Font)              <7> on input line 35.
LaTeX Font Info:    External font `cmex10' loaded for size
(Font)              <5> on input line 35.
./curriculum-vitae_latex.tex:36: Undefined control sequence.
l.36              & {\it
                         cell phone:}  (352) 460-8011 \\
? 
./curriculum-vitae_latex.tex:37: Undefined control sequence.
l.37 Department of Plant Pathology   & {\it
                                            work phone:}    (352) 273-4632 \\
? 
./curriculum-vitae_latex.tex:38: Undefined control sequence.
l.38 University of Florida& {\it
                                 E-mail:}  ralcala@ufl.edu, ricardoi.alcalab...

? 

Overfull \hbox (110.8613pt too wide) in paragraph at lines 33--42
[]\OT1/cmr/m/n/10 Contact In-for-ma-tion [] 
 []

./curriculum-vitae_latex.tex:51: Undefined control sequence.
l.51 \section
             {\sc Education}
? 
./curriculum-vitae_latex.tex:51: Undefined control sequence.
l.51 \section{\sc
                  Education}
? 
./curriculum-vitae_latex.tex:52: Undefined control sequence.
l.52 {\bf
          Ph.D., Plant Pathology}  \\
? 
./curriculum-vitae_latex.tex:58: Undefined control sequence.
l.58 \item[] Dissertation Topic: ``{\bf
                                        Virome Network Analysis:} A network ...

? 
./curriculum-vitae_latex.tex:61: Undefined control sequence.
l.61 \item[]Advisor: \bf
                         {Karen A. Garrett}
? 
./curriculum-vitae_latex.tex:66: Undefined control sequence.
l.66 {\bf
          M.Sc., Plant Biotechnology} \\
? 
./curriculum-vitae_latex.tex:73: Undefined control sequence.
l.73 ... Thesis Topic:  ``Characterization of {\it
                                                   Sugarcane mosaic virus} (...

? 
./curriculum-vitae_latex.tex:77: Undefined control sequence.
l.77 \item[] Advisor:  {\bf
                            Laura Silva-Rosales}
? 
./curriculum-vitae_latex.tex:83: Undefined control sequence.
l.83 {\bf
          B.S., Biology}\\
? 
./curriculum-vitae_latex.tex:90: Undefined control sequence.
l.90 ...eins that interact with the 5' UTR of {\it
                                                   Sugarcane mosaic virus} (...

? 
./curriculum-vitae_latex.tex:96: Undefined control sequence.
l.96 \item[]Advisor: {\bf
                          Laura Silva-Rosales}
? 
./curriculum-vitae_latex.tex:103: Undefined control sequence.
l.103 \section
              {\sc Honors and Awards}
? 
./curriculum-vitae_latex.tex:103: Undefined control sequence.
l.103 \section{\sc
                   Honors and Awards}
? 
./curriculum-vitae_latex.tex:106: Undefined control sequence.
l.106 \item[] {\bf
                   International Outstanding Achievement Award 2018}. Colleg...

? 
./curriculum-vitae_latex.tex:106: Undefined control sequence.
l.106 ...ge of Agriculture and Life Sciences, {\bf
                                                   University of Florida}.\\
? 

Underfull \hbox (badness 10000) in paragraph at lines 106--107

 []

./curriculum-vitae_latex.tex:109: Undefined control sequence.
l.109 \section
              {\sc Scholarships}
? 
./curriculum-vitae_latex.tex:109: Undefined control sequence.
l.109 \section{\sc
                   Scholarships}
? 
./curriculum-vitae_latex.tex:111: Undefined control sequence.
l.111 \item[] {\bf
                   2019--2021} 	Research Assistantship (University of Florid...

? 

Underfull \hbox (badness 10000) in paragraph at lines 111--112

 []

./curriculum-vitae_latex.tex:119: Undefined control sequence.
l.119 \section
              {\sc Manuscript in preparation}
? 
./curriculum-vitae_latex.tex:119: Undefined control sequence.
l.119 \section{\sc
                   Manuscript in preparation}
? 
./curriculum-vitae_latex.tex:122: Undefined control sequence.
l.122 Etherton BA, Choudhury R, , Xing Y, {\bf
                                               Alcal\'a Brise\~no RI}, Crane...

? 
./curriculum-vitae_latex.tex:125: Undefined control sequence.
l.125 \section
              {\sc Publications}
? 
./curriculum-vitae_latex.tex:125: Undefined control sequence.
l.125 \section{\sc
                   Publications}
? 
./curriculum-vitae_latex.tex:128: Undefined control sequence.
l.128 \section
              {\sc 2020}
? 
./curriculum-vitae_latex.tex:128: Undefined control sequence.
l.128 \section{\sc
                   2020}
? 
./curriculum-vitae_latex.tex:130: Undefined control sequence.
l.130 {\bf
           Alcal\'a-Brise\~no RI}, Casarrubias-Castillo K, L\'opez-Ley D, Ga...

? 
./curriculum-vitae_latex.tex:133: Undefined control sequence.
l.133 \section
              {\sc Books and book chapters}
? 
./curriculum-vitae_latex.tex:133: Undefined control sequence.
l.133 \section{\sc
                   Books and book chapters}
? 
./curriculum-vitae_latex.tex:135: Undefined control sequence.
l.135 Garrett KA, {\bf
                       Alcal\'a-Brise\~o} RI, Andersen KF, Choudhury RA, Dan...

? 
./curriculum-vitae_latex.tex:135: Undefined control sequence.
l.135 ...te J, Fulton JC, Poudel R, Staub CG. {\bf
                                                  2020}. Adapting disease ma...

? 
./curriculum-vitae_latex.tex:137: Undefined control sequence.
l.137 \section
              {\sc Proceedings}
? 
./curriculum-vitae_latex.tex:137: Undefined control sequence.
l.137 \section{\sc
                   Proceedings}
? 
./curriculum-vitae_latex.tex:138: Undefined control sequence.
l.138 {\bf
           Alcal\'a-Brise\~no RI}, Rodr\'iguez-Rios D, Echegoyen-Nava R, Alv...

? 
./curriculum-vitae_latex.tex:138: Undefined control sequence.
l.138 ...rgets of in transgenics mice lung by {\it
                                                   Hpa}II metiltransferase (...

? 
./curriculum-vitae_latex.tex:138: Undefined control sequence.
l.138 ...ung by {\it Hpa}II metiltransferase ({\it
                                                   Hpa}MT). Avances de la in...

? 
./curriculum-vitae_latex.tex:138: Undefined control sequence.
l.138 ... de Jalisco. Zapopan, Jal. M\'exico. {\bf
                                                   2007} (ISBN 9789702712800).
? 
./curriculum-vitae_latex.tex:140: Undefined control sequence.
l.140 \section
              {\sc Invited Presentations}
? 
./curriculum-vitae_latex.tex:140: Undefined control sequence.
l.140 \section{\sc
                   Invited Presentations}
? 
./curriculum-vitae_latex.tex:142: Undefined control sequence.
l.142 ...l metagenomics and network analysis. {\bf
                                                   International Potato Cent...

? 
./curriculum-vitae_latex.tex:144: Undefined control sequence.
l.144 \section
              {\sc  Upcoming Presentations}
? 
./curriculum-vitae_latex.tex:144: Undefined control sequence.
l.144 \section{\sc
                    Upcoming Presentations}
? 
./curriculum-vitae_latex.tex:147: Undefined control sequence.
l.147 Plex Sul\'a AI*,  {\bf
                             Alcal\'a Brise\~no RI},   Xing Y,  Etherton BA,...

? 
./curriculum-vitae_latex.tex:147: Undefined control sequence.
l.147 ...onal analyses and global structures  {\bf
                                                   Plant Health -- American ...

? 
./curriculum-vitae_latex.tex:149: Undefined control sequence.
l.149 Xing Y,  Plex Sulá AI*,  {\bf
                                     Alcal\'a Brise\~no RI},  Etherton BA,  ...

? 
./curriculum-vitae_latex.tex:149: Undefined control sequence.
l.149 ...poration in geographic risk analyses {\bf
                                                   Plant Health -- American ...

? 
./curriculum-vitae_latex.tex:151: Undefined control sequence.
l.151 Choudhury R, Etherton BA*, Xing Y, {\bf
                                              Alcal\'a Brise\~no RI}, Crane ...

? 
./curriculum-vitae_latex.tex:151: Undefined control sequence.
l.151 ...cado laurel wilt epidemic in Florida {\bf
                                                   Plant Health -- American ...

? 
./curriculum-vitae_latex.tex:153: Undefined control sequence.
l.153 \section
              {\sc  Conference Presentations}
? 
./curriculum-vitae_latex.tex:153: Undefined control sequence.
l.153 \section{\sc
                    Conference Presentations}
? 
./curriculum-vitae_latex.tex:156: Undefined control sequence.
l.156 \section
              {\sc 2021}
? 
./curriculum-vitae_latex.tex:156: Undefined control sequence.
l.156 \section{\sc
                   2021}
? 
./curriculum-vitae_latex.tex:158: Undefined control sequence.
l.158 {\bf
           Alcal\'a-Brise\~no RI}, Fuentes S, Perez A, Kreuze JF, Garrett KA...

? 
./curriculum-vitae_latex.tex:158: Undefined control sequence.
l.158 ...cture of the Peruvian potato virome. {\bf
                                                   American Phytopathologica...

? 
./curriculum-vitae_latex.tex:160: Undefined control sequence.
l.160 \section
              {\sc 2020}
? 
./curriculum-vitae_latex.tex:160: Undefined control sequence.
l.160 \section{\sc
                   2020}
? 
./curriculum-vitae_latex.tex:162: Undefined control sequence.
l.162 {\bf
           Alcal\'a-Brise\~no RI}, Kreuze JF, Garrett KA. A network analysis...

? 
./curriculum-vitae_latex.tex:162: Undefined control sequence.
l.162 ...s framework for complex virome data. {\bf
                                                   American Phytopathologica...

? 
./curriculum-vitae_latex.tex:165: Undefined control sequence.
l.165 \section
              {\sc Professional Experience}
? 
./curriculum-vitae_latex.tex:165: Undefined control sequence.
l.165 \section{\sc
                   Professional Experience}
? 
./curriculum-vitae_latex.tex:167: Undefined control sequence.
l.167 \item[] {\bf
                   University of Florida}, Gainesville, Florida, USA.
? 
./curriculum-vitae_latex.tex:171: Undefined control sequence.
l.171 \section
              {\sc Graduate teaching assistance and guest lectures}
? 
./curriculum-vitae_latex.tex:171: Undefined control sequence.
l.171 \section{\sc
                   Graduate teaching assistance and guest lectures}
? 
./curriculum-vitae_latex.tex:173: Undefined control sequence.
l.173 \item[] {\em Guest lecture} \hfill {\bf
                                              April, 2021}. \\
? 
./curriculum-vitae_latex.tex:174: Undefined control sequence.
l.174 Virology  {\bf
                     PLP-6905}. University of Florida. Gainesville, Fl. Fall.\\

? 

Underfull \hbox (badness 10000) in paragraph at lines 173--175

 []

./curriculum-vitae_latex.tex:175: Undefined control sequence.
l.175 \item[] {\em Teaching assistant} \hfill {\bf
                                                   Aug - Dec, 2020}. \\
? 
./curriculum-vitae_latex.tex:176: Undefined control sequence.
l.176 Epidemiology and Data Sciences {\bf
                                          PLP-6905}. University of Florida. ...

? 

Underfull \hbox (badness 10000) in paragraph at lines 175--177

 []

./curriculum-vitae_latex.tex:181: Undefined control sequence.
l.181 \section
              {\sc Workshops and trainings}
? 
./curriculum-vitae_latex.tex:181: Undefined control sequence.
l.181 \section{\sc
                   Workshops and trainings}
? 
./curriculum-vitae_latex.tex:183: Undefined control sequence.
l.183 \item[] {\em Instructor} \hfill {\bf
                                           March 2 -- 4, 1999}. \\
? 

Underfull \hbox (badness 10000) in paragraph at lines 183--185

 []

./curriculum-vitae_latex.tex:185: Undefined control sequence.
l.185 \item[] {\em Instructor} \hfill {\bf
                                           July 1, 2020}. \\
? 

Underfull \hbox (badness 10000) in paragraph at lines 185--187

 []

./curriculum-vitae_latex.tex:189: Undefined control sequence.
l.189 \section
              {\sc Affiliations}
? 
./curriculum-vitae_latex.tex:189: Undefined control sequence.
l.189 \section{\sc
                   Affiliations}
? 
./curriculum-vitae_latex.tex:191: Undefined control sequence.
l.191 \item[] Member of the American Society {\bf
                                                  (ASUS)}. 2000 - present\\
? 

Underfull \hbox (badness 10000) in paragraph at lines 191--192

 []

./curriculum-vitae_latex.tex:192: Undefined control sequence.
l.192 \item[] Member of the American Meeting {\bf
                                                  (APS)}. 2000 - present\\
? 

Underfull \hbox (badness 10000) in paragraph at lines 192--193

 []

./curriculum-vitae_latex.tex:195: Undefined control sequence.
l.195 \section
              {\sc Repositories}
? 
./curriculum-vitae_latex.tex:195: Undefined control sequence.
l.195 \section{\sc
                   Repositories}
? 
./curriculum-vitae_latex.tex:197: Undefined control sequence.
l.197 \item[] {\bf
                   github}: https://github.com/yours
? 
./curriculum-vitae_latex.tex:201: Undefined control sequence.
l.201 \section
              {\sc Computer and laboratory skills}
? 
./curriculum-vitae_latex.tex:201: Undefined control sequence.
l.201 \section{\sc
                   Computer and laboratory skills}
? 
./curriculum-vitae_latex.tex:203: Undefined control sequence.
l.203 \item[] {\bf
                   Programming}: R, Linux/Unix, bash, Python, High Performan...

? 
./curriculum-vitae_latex.tex:204: Undefined control sequence.
l.204 \item[] {\bf
                   Text and vector graphics processors}: {\LaTeX}, Office pa...

? 
./curriculum-vitae_latex.tex:207: Undefined control sequence.
l.207 \section
              {\sc Other activities}
? 
./curriculum-vitae_latex.tex:207: Undefined control sequence.
l.207 \section{\sc
                   Other activities}
? 
./curriculum-vitae_latex.tex:209: Undefined control sequence.
l.209 \item {\bf
                 Organization 1}. {\bf 1999-present}. \\
? 
./curriculum-vitae_latex.tex:209: Undefined control sequence.
l.209 \item {\bf Organization 1}. {\bf
                                       1999-present}. \\
? 
./curriculum-vitae_latex.tex:211: Undefined control sequence.
l.211 \subitem
              - {\bf } Duties:  Coordinating something. \\
? 
./curriculum-vitae_latex.tex:211: Undefined control sequence.
l.211 \subitem- {\bf
                     } Duties:  Coordinating something. \\
? 
./curriculum-vitae_latex.tex:212: Undefined control sequence.
l.212 \\item {\bf
                  Organization 2)}. {\bf 1999-present}. University Student O...

? 
./curriculum-vitae_latex.tex:212: Undefined control sequence.
l.212 \\item {\bf Organization 2)}. {\bf
                                         1999-present}. University Student O...

? 

Underfull \hbox (badness 10000) in paragraph at lines 209--214

 []

./curriculum-vitae_latex.tex:220: Undefined control sequence.
l.220 \section
              {\sc Workshops}
? 
./curriculum-vitae_latex.tex:220: Undefined control sequence.
l.220 \section{\sc
                   Workshops}
? 
./curriculum-vitae_latex.tex:222: Undefined control sequence.
l.222 \item {\bf
                 Show Me the Money}: Effective Grantsmanship. December 13 20...

? 

./curriculum-vitae_latex.tex:225: LaTeX Error: \begin{document} ended by \end{r
esume}.

See the LaTeX manual or LaTeX Companion for explanation.
Type  H <return>  for immediate help.
 ...                                              
                                                  
l.225 \end{resume}
                  
? 
Package atveryend Info: Empty hook `BeforeClearDocument' on input line 226.

./curriculum-vitae_latex.tex:226: LaTeX Error: The font size command \normalsiz
e is not defined:
               there is probably something wrong with the class file.

See the LaTeX manual or LaTeX Companion for explanation.
Type  H <return>  for immediate help.
 ...                                              
                                                  
l.226 \end{document}
                    
? 
./curriculum-vitae_latex.tex:226: Undefined control sequence.
<argument> \thepage 
                    
l.226 \end{document}
                    
? 
[1{/usr/local/texlive/2020/texmf-var/fonts/map/pdftex/updmap/pdftex.map}]
Package atveryend Info: Empty hook `AfterLastShipout' on input line 226.

(./curriculum-vitae_latex.aux)
Package atveryend Info: Empty hook `AtVeryEndDocument' on input line 226.
Package atveryend Info: Executing hook `AtEndAfterFileList' on input line 226.


Package rerunfilecheck Warning: File `curriculum-vitae_latex.out' has changed.
(rerunfilecheck)                Rerun to get outlines right
(rerunfilecheck)                or use package `bookmark'.

Package rerunfilecheck Info: Checksums for `curriculum-vitae_latex.out':
(rerunfilecheck)             Before: <no file>
(rerunfilecheck)             After:  D41D8CD98F00B204E9800998ECF8427E;0.
Package atveryend Info: Empty hook `AtVeryVeryEnd' on input line 226.
 ) 
Here is how much of TeX's memory you used:
 5544 strings out of 480608
 86916 string characters out of 5903631
 355222 words of memory out of 5000000
 21404 multiletter control sequences out of 15000+600000
 532852 words of font info for 26 fonts, out of 8000000 for 9000
 1141 hyphenation exceptions out of 8191
 34i,8n,36p,571b,297s stack positions out of 5000i,500n,10000p,200000b,80000s
</usr/local/texlive/2020/texmf-dist/fonts/type1/public/amsfonts/cm/cmr10.pfb>
</usr/local/texlive/2020/texmf-dist/fonts/type1/public/amsfonts/cm/cmr7.pfb></u
sr/local/texlive/2020/texmf-dist/fonts/type1/public/amsfonts/cm/cmsy10.pfb></us
r/local/texlive/2020/texmf-dist/fonts/type1/public/amsfonts/cm/cmti10.pfb></usr
/local/texlive/2020/texmf-dist/fonts/type1/public/amsfonts/cm/cmtt10.pfb>
Output written on curriculum-vitae_latex.pdf (1 page, 73508 bytes).
PDF statistics:
 34 PDF objects out of 1000 (max. 8388607)
 25 compressed objects within 1 object stream
 2 named destinations out of 1000 (max. 500000)
 1 words of extra memory for PDF output out of 10000 (max. 10000000)

